<es:envelope xmlns:es="http://marklogic.com/entity-services">
</es:envelope>